
=== Sat May 29 20:05:30 2021

Packages were changed.
Update Mode: mergeDefaultDependencies

The following packages were added:
  com.unity.collab-proxy@1.5.7
  com.unity.ide.rider@2.0.7
  com.unity.ide.vscode@1.2.3
  com.unity.modules.androidjni@1.0.0
  com.unity.modules.cloth@1.0.0
  com.unity.modules.director@1.0.0
  com.unity.modules.terrainphysics@1.0.0
  com.unity.modules.tilemap@1.0.0
  com.unity.modules.uielements@1.0.0
  com.unity.modules.umbra@1.0.0
  com.unity.modules.unityanalytics@1.0.0
  com.unity.modules.vehicles@1.0.0
  com.unity.modules.video@1.0.0
  com.unity.modules.wind@1.0.0
  com.unity.timeline@1.4.8
The following packages were updated:
  com.unity.ide.visualstudio from version 2.0.7 to 2.0.8
  com.unity.textmeshpro from version 3.0.4 to 3.0.6

=== Fri Jun 18 13:04:19 2021

Packages were changed.
Update Mode: updateDependencies

The following packages were updated:
  com.unity.ide.rider from version 2.0.7 to 3.0.6
  com.unity.probuilder from version 4.5.0 to 5.0.3
  com.unity.timeline from version 1.4.8 to 1.5.4
